2025-05-09 15:58:58,420 p=7665 u=danii n=ansible INFO| PLAY [Base system setup] *******************************************************************
2025-05-09 15:58:58,429 p=7665 u=danii n=ansible INFO| TASK [Gathering Facts] *********************************************************************
2025-05-09 15:59:00,549 p=7665 u=danii n=ansible WARNING| [WARNING]: Platform linux on host z2g5 is using the discovered Python interpreter at
/usr/bin/python3.12, but future installation of another Python interpreter could change the
meaning of that path. See https://docs.ansible.com/ansible-
core/2.18/reference_appendices/interpreter_discovery.html for more information.

2025-05-09 15:59:00,549 p=7665 u=danii n=ansible INFO| ok: [z2g5]
2025-05-09 15:59:00,622 p=7665 u=danii n=ansible WARNING| [WARNING]: Platform linux on host z2g3 is using the discovered Python interpreter at
/usr/bin/python3.12, but future installation of another Python interpreter could change the
meaning of that path. See https://docs.ansible.com/ansible-
core/2.18/reference_appendices/interpreter_discovery.html for more information.

2025-05-09 15:59:00,622 p=7665 u=danii n=ansible INFO| ok: [z2g3]
2025-05-09 15:59:00,626 p=7665 u=danii n=ansible INFO| TASK [common : Update APT package cache] ***************************************************
2025-05-09 15:59:01,442 p=7665 u=danii n=ansible INFO| ok: [z2g5]
2025-05-09 15:59:01,546 p=7665 u=danii n=ansible INFO| ok: [z2g3]
2025-05-09 15:59:01,551 p=7665 u=danii n=ansible INFO| TASK [common : Upgrade all packages] *******************************************************
2025-05-09 15:59:02,573 p=7665 u=danii n=ansible INFO| ok: [z2g5]
2025-05-09 15:59:03,105 p=7665 u=danii n=ansible INFO| ok: [z2g3]
2025-05-09 15:59:03,112 p=7665 u=danii n=ansible INFO| TASK [common : Install essential packages] *************************************************
2025-05-09 15:59:03,944 p=7665 u=danii n=ansible INFO| ok: [z2g5]
2025-05-09 15:59:04,291 p=7665 u=danii n=ansible INFO| ok: [z2g3]
2025-05-09 15:59:04,297 p=7665 u=danii n=ansible INFO| TASK [common : Set timezone to UTC] ********************************************************
2025-05-09 15:59:04,901 p=7665 u=danii n=ansible INFO| ok: [z2g5]
2025-05-09 15:59:05,000 p=7665 u=danii n=ansible INFO| ok: [z2g3]
2025-05-09 15:59:05,005 p=7665 u=danii n=ansible INFO| TASK [common : Ensure remote .ssh directory exists] ****************************************
2025-05-09 15:59:05,539 p=7665 u=danii n=ansible INFO| ok: [z2g5]
2025-05-09 15:59:05,652 p=7665 u=danii n=ansible INFO| ok: [z2g3]
2025-05-09 15:59:05,657 p=7665 u=danii n=ansible INFO| TASK [common : Read local public SSH key] **************************************************
2025-05-09 15:59:06,012 p=7665 u=danii n=ansible INFO| ok: [z2g5 -> localhost]
2025-05-09 15:59:06,013 p=7665 u=danii n=ansible INFO| ok: [z2g3 -> localhost]
2025-05-09 15:59:06,017 p=7665 u=danii n=ansible INFO| TASK [common : Add local public key to remote authorized_keys] *****************************
2025-05-09 15:59:06,603 p=7665 u=danii n=ansible INFO| ok: [z2g5]
2025-05-09 15:59:06,683 p=7665 u=danii n=ansible INFO| ok: [z2g3]
2025-05-09 15:59:06,690 p=7665 u=danii n=ansible INFO| PLAY RECAP *********************************************************************************
2025-05-09 15:59:06,691 p=7665 u=danii n=ansible INFO| z2g3                       : ok=8    changed=0    unreachable=0    failed=0    skipped=0    rescued=0    ignored=0   
2025-05-09 15:59:06,691 p=7665 u=danii n=ansible INFO| z2g5                       : ok=8    changed=0    unreachable=0    failed=0    skipped=0    rescued=0    ignored=0   
